#
# There is insufficient memory for the Java Runtime Environment to continue.
# Native memory allocation (malloc) failed to allocate 1048576 bytes. Error detail: AllocateHeap
# Possible reasons:
#   The system is out of physical RAM or swap space
#   This process is running with CompressedOops enabled, and the Java Heap may be blocking the growth of the native heap
# Possible solutions:
#   Reduce memory load on the system
#   Increase physical memory or swap space
#   Check if swap backing store is full
#   Decrease Java heap size (-Xmx/-Xms)
#   Decrease number of Java threads
#   Decrease Java thread stack sizes (-Xss)
#   Set larger code cache with -XX:ReservedCodeCacheSize=
#   JVM is running with Unscaled Compressed Oops mode in which the Java heap is
#     placed in the first 4GB address space. The Java Heap base address is the
#     maximum limit for the native heap growth. Please use -XX:HeapBaseMinAddress
#     to set the Java Heap base and to place the Java Heap above 4GB virtual address.
# This output file may be truncated or incomplete.
#
#  Out of Memory Error (allocation.cpp:44), pid=3124, tid=14800
#
# JRE version: OpenJDK Runtime Environment Temurin-21.0.10+7 (21.0.10+7) (build 21.0.10+7-LTS)
# Java VM: OpenJDK 64-Bit Server VM Temurin-21.0.10+7 (21.0.10+7-LTS, mixed mode, sharing, tiered, compressed oops, compressed class ptrs, parallel gc, windows-amd64)
# No core dump will be written. Minidumps are not enabled by default on client versions of Windows
#

---------------  S U M M A R Y ------------

Command Line: --add-modules=ALL-SYSTEM --add-opens=java.base/java.util=ALL-UNNAMED --add-opens=java.base/java.lang=ALL-UNNAMED --add-opens=java.base/sun.nio.fs=ALL-UNNAMED -Declipse.application=org.eclipse.jdt.ls.core.id1 -Dosgi.bundles.defaultStartLevel=4 -Declipse.product=org.eclipse.jdt.ls.core.product -Djava.import.generatesMetadataFilesAtProjectRoot=false -DDetectVMInstallationsJob.disabled=true -Dfile.encoding=utf8 -XX:+UseParallelGC -XX:GCTimeRatio=4 -XX:AdaptiveSizePolicyWeight=90 -Dsun.zip.disableMemoryMapping=true -Xmx2G -Xms100m -Xlog:disable -javaagent:c:\Users\Admin\.vscode\extensions\redhat.java-1.54.0-win32-x64\lombok\lombok-1.18.39-4050.jar -XX:+HeapDumpOnOutOfMemoryError -XX:HeapDumpPath=c:\Users\Admin\AppData\Roaming\Code\User\workspaceStorage\9d035f33ee963385900452351aeb3d6d\redhat.java -Daether.dependencyCollector.impl=bf c:\Users\Admin\.vscode\extensions\redhat.java-1.54.0-win32-x64\server\plugins\org.eclipse.equinox.launcher_1.7.100.v20251111-0406.jar -configuration c:\Users\Admin\AppData\Roaming\Code\User\globalStorage\redhat.java\1.54.0\config_win -data c:\Users\Admin\AppData\Roaming\Code\User\workspaceStorage\9d035f33ee963385900452351aeb3d6d\redhat.java\jdt_ws --pipe=\\.\pipe\lsp-24d23ef9d5e1e5ed543359db0920dd97-sock

Host: Intel(R) Core(TM) i5-8265U CPU @ 1.60GHz, 8 cores, 7G,  Windows 11 , 64 bit Build 26100 (10.0.26100.8328)
Time: Sat May  2 15:35:28 2026 Greenwich elapsed time: 1388.091352 seconds (0d 0h 23m 8s)

---------------  T H R E A D  ---------------

Current thread (0x00000175fc000340):  JavaThread "Attach Listener" daemon [_thread_in_vm, id=14800, stack(0x0000003469d00000,0x0000003469e00000) (1024K)]

Stack: [0x0000003469d00000,0x0000003469e00000]
Native frames: (J=compiled Java code, j=interpreted, Vv=VM code, C=native code)
V  [jvm.dll+0x6d7a39]
V  [jvm.dll+0x8b4b26]
V  [jvm.dll+0x8b70de]
V  [jvm.dll+0x8b77c3]
V  [jvm.dll+0x284346]
V  [jvm.dll+0xc1277]
V  [jvm.dll+0x6d82e9]
V  [jvm.dll+0x1334a6]
V  [jvm.dll+0x3f857e]
V  [jvm.dll+0x85f59d]
V  [jvm.dll+0x6d626d]
C  [ucrtbase.dll+0x37b0]
C  [KERNEL32.DLL+0x2e957]
C  [ntdll.dll+0x427c]


---------------  P R O C E S S  ---------------

Threads class SMR info:
_java_thread_list=0x00000175fe182590, length=48, elements={
0x00000175e3885500, 0x00000175fbff8400, 0x00000175fbff9700, 0x00000175fbffe120,
0x00000175fc000340, 0x00000175fc006b30, 0x00000175fc007ee0, 0x00000175fc00f3c0,
0x00000175fda0c870, 0x00000175fc008570, 0x00000175fc005e10, 0x00000175fc0050f0,
0x00000175fc0064a0, 0x00000175fc005780, 0x00000175fc007850, 0x00000175fc0071c0,
0x00000175feaa5070, 0x00000175feaa3cc0, 0x00000175feaa3630, 0x00000175feaa5700,
0x00000175feaa2fa0, 0x00000175feaa2910, 0x00000175feaa7e60, 0x00000175feaa8b80,
0x00000175feaa77d0, 0x00000175feaa9210, 0x00000175feaa6420, 0x00000175feaa84f0,
0x00000175feaa6ab0, 0x00000175feaa7140, 0x00000175c629e370, 0x00000175c629cfc0,
0x00000175c629c930, 0x00000175c62a0ad0, 0x00000175c62a1e80, 0x00000175c62a2ba0,
0x00000175feaa2280, 0x00000175c90a2bf0, 0x00000175c90a3280, 0x00000175c90a7ab0,
0x00000175c90a8140, 0x00000175c90aa210, 0x00000175c90a9b80, 0x00000175c82be8c0,
0x00000175c82bb440, 0x00000175c82bc160, 0x00000175c82b9a00, 0x00000175c82ba090
}

Java Threads: ( => current thread )
  0x00000175e3885500 JavaThread "main"                              [_thread_blocked, id=15752, stack(0x0000003469600000,0x0000003469700000) (1024K)]
  0x00000175fbff8400 JavaThread "Reference Handler"          daemon [_thread_blocked, id=10784, stack(0x0000003469a00000,0x0000003469b00000) (1024K)]
  0x00000175fbff9700 JavaThread "Finalizer"                  daemon [_thread_blocked, id=19604, stack(0x0000003469b00000,0x0000003469c00000) (1024K)]
  0x00000175fbffe120 JavaThread "Signal Dispatcher"          daemon [_thread_blocked, id=14168, stack(0x0000003469c00000,0x0000003469d00000) (1024K)]
=>0x00000175fc000340 JavaThread "Attach Listener"            daemon [_thread_in_vm, id=14800, stack(0x0000003469d00000,0x0000003469e00000) (1024K)]
  0x00000175fc006b30 JavaThread "Service Thread"             daemon [_thread_blocked, id=7268, stack(0x0000003469e00000,0x0000003469f00000) (1024K)]
  0x00000175fc007ee0 JavaThread "Monitor Deflation Thread"   daemon [_thread_blocked, id=12188, stack(0x0000003469f00000,0x000000346a000000) (1024K)]
  0x00000175fc00f3c0 JavaThread "C2 CompilerThread0"         daemon [_thread_blocked, id=9068, stack(0x000000346a000000,0x000000346a100000) (1024K)]
  0x00000175fda0c870 JavaThread "C1 CompilerThread0"         daemon [_thread_blocked, id=21116, stack(0x000000346a100000,0x000000346a200000) (1024K)]
  0x00000175fc008570 JavaThread "Common-Cleaner"             daemon [_thread_blocked, id=13876, stack(0x000000346a200000,0x000000346a300000) (1024K)]
  0x00000175fc005e10 JavaThread "Notification Thread"        daemon [_thread_blocked, id=19492, stack(0x000000346a400000,0x000000346a500000) (1024K)]
  0x00000175fc0050f0 JavaThread "Active Thread: Equinox Container: c61b6a78-cc16-4e26-9e77-8986bf30cb9c"        [_thread_blocked, id=19388, stack(0x000000346a300000,0x000000346a400000) (1024K)]
  0x00000175fc0064a0 JavaThread "Refresh Thread: Equinox Container: c61b6a78-cc16-4e26-9e77-8986bf30cb9c" daemon [_thread_blocked, id=2968, stack(0x000000346ac00000,0x000000346ad00000) (1024K)]
  0x00000175fc005780 JavaThread "Framework Event Dispatcher: Equinox Container: c61b6a78-cc16-4e26-9e77-8986bf30cb9c" daemon [_thread_blocked, id=9360, stack(0x000000346ad00000,0x000000346ae00000) (1024K)]
  0x00000175fc007850 JavaThread "Start Level: Equinox Container: c61b6a78-cc16-4e26-9e77-8986bf30cb9c" daemon [_thread_blocked, id=18584, stack(0x000000346ae00000,0x000000346af00000) (1024K)]
  0x00000175fc0071c0 JavaThread "Bundle File Closer"         daemon [_thread_blocked, id=2456, stack(0x000000346b000000,0x000000346b100000) (1024K)]
  0x00000175feaa5070 JavaThread "SCR Component Actor"        daemon [_thread_blocked, id=20248, stack(0x000000346af00000,0x000000346b000000) (1024K)]
  0x00000175feaa3cc0 JavaThread "Worker-JM"                         [_thread_blocked, id=19912, stack(0x000000346b100000,0x000000346b200000) (1024K)]
  0x00000175feaa3630 JavaThread "JNA Cleaner"                daemon [_thread_blocked, id=15236, stack(0x000000346b200000,0x000000346b300000) (1024K)]
  0x00000175feaa5700 JavaThread "Java indexing"              daemon [_thread_blocked, id=4424, stack(0x000000346b900000,0x000000346ba00000) (1024K)]
  0x00000175feaa2fa0 JavaThread "Worker-3"                          [_thread_blocked, id=7068, stack(0x000000346bc00000,0x000000346bd00000) (1024K)]
  0x00000175feaa2910 JavaThread "Thread-1"                   daemon [_thread_in_native, id=11308, stack(0x000000346be00000,0x000000346bf00000) (1024K)]
  0x00000175feaa7e60 JavaThread "Thread-2"                   daemon [_thread_in_native, id=11340, stack(0x000000346bf00000,0x000000346c000000) (1024K)]
  0x00000175feaa8b80 JavaThread "Thread-3"                   daemon [_thread_in_native, id=19436, stack(0x000000346c000000,0x000000346c100000) (1024K)]
  0x00000175feaa77d0 JavaThread "Thread-4"                   daemon [_thread_in_native, id=5160, stack(0x000000346c100000,0x000000346c200000) (1024K)]
  0x00000175feaa9210 JavaThread "Thread-5"                   daemon [_thread_in_native, id=10636, stack(0x000000346c200000,0x000000346c300000) (1024K)]
  0x00000175feaa6420 JavaThread "Thread-6"                   daemon [_thread_in_native, id=19300, stack(0x000000346c300000,0x000000346c400000) (1024K)]
  0x00000175feaa84f0 JavaThread "Thread-7"                   daemon [_thread_in_native, id=1428, stack(0x000000346c400000,0x000000346c500000) (1024K)]
  0x00000175feaa6ab0 JavaThread "Thread-8"                   daemon [_thread_in_native, id=9792, stack(0x000000346c500000,0x000000346c600000) (1024K)]
  0x00000175feaa7140 JavaThread "Thread-9"                   daemon [_thread_in_native, id=19048, stack(0x000000346c600000,0x000000346c700000) (1024K)]
  0x00000175c629e370 JavaThread "pool-2-thread-1"                   [_thread_blocked, id=12316, stack(0x000000346c700000,0x000000346c800000) (1024K)]
  0x00000175c629cfc0 JavaThread "WorkspaceEventsHandler"            [_thread_blocked, id=4680, stack(0x000000346c800000,0x000000346c900000) (1024K)]
  0x00000175c629c930 JavaThread "pool-1-thread-1"                   [_thread_blocked, id=15128, stack(0x000000346c900000,0x000000346ca00000) (1024K)]
  0x00000175c62a0ad0 JavaThread "ForkJoinPool.commonPool-worker-7" daemon [_thread_blocked, id=3428, stack(0x000000346d000000,0x000000346d100000) (1024K)]
  0x00000175c62a1e80 JavaThread "Java Debug Server"          daemon [_thread_in_native, id=12240, stack(0x000000346b800000,0x000000346b900000) (1024K)]
  0x00000175c62a2ba0 JavaThread "pool-4-thread-1"                   [_thread_in_native, id=10108, stack(0x000000346d100000,0x000000346d200000) (1024K)]
  0x00000175feaa2280 JavaThread "RxSchedulerPurge-1"         daemon [_thread_blocked, id=18504, stack(0x000000346d200000,0x000000346d300000) (1024K)]
  0x00000175c90a2bf0 JavaThread "RxCachedWorkerPoolEvictor-1" daemon [_thread_blocked, id=7176, stack(0x000000346d300000,0x000000346d400000) (1024K)]
  0x00000175c90a3280 JavaThread "process reaper (pid 2488)"  daemon [_thread_in_native, id=21344, stack(0x0000003468f70000,0x0000003468f90000) (128K)]
  0x00000175c90a7ab0 JavaThread "Cleaner-0"                  daemon [_thread_blocked, id=20992, stack(0x0000003469500000,0x0000003469600000) (1024K)]
  0x00000175c90a8140 JavaThread "ForkJoinPool.commonPool-worker-8" daemon [_thread_blocked, id=16600, stack(0x000000346b300000,0x000000346b400000) (1024K)]
  0x00000175c90aa210 JavaThread "ForkJoinPool.commonPool-worker-10" daemon [_thread_blocked, id=7484, stack(0x000000346b600000,0x000000346b700000) (1024K)]
  0x00000175c90a9b80 JavaThread "Worker-5"                          [_thread_blocked, id=19268, stack(0x0000003469400000,0x0000003469500000) (1024K)]
  0x00000175c82be8c0 JavaThread "RxNewThreadScheduler-3"     daemon [_thread_blocked, id=3672, stack(0x000000346ca00000,0x000000346cb00000) (1024K)]
  0x00000175c82bb440 JavaThread "ForkJoinPool.commonPool-worker-13" daemon [_thread_blocked, id=5980, stack(0x0000003469300000,0x0000003469400000) (1024K)]
  0x00000175c82bc160 JavaThread "ForkJoinPool.commonPool-worker-15" daemon [_thread_blocked, id=9540, stack(0x000000346b400000,0x000000346b500000) (1024K)]
  0x00000175c82b9a00 JavaThread "ForkJoinPool.commonPool-worker-14" daemon [_thread_blocked, id=6228, stack(0x000000346b500000,0x000000346b600000) (1024K)]
  0x00000175c82ba090 JavaThread "ForkJoinPool.commonPool-worker-16" daemon [_thread_blocked, id=1448, stack(0x000000346b700000,0x000000346b800000) (1024K)]
Total: 48

Other Threads:
  0x00000175e3925e50 VMThread "VM Thread"                           [id=8908, stack(0x0000003469900000,0x0000003469a00000) (1024K)]
  0x00000175fbf0ca10 WatcherThread "VM Periodic Task Thread"        [id=2008, stack(0x0000003469800000,0x0000003469900000) (1024K)]
  0x00000175e38a2d00 WorkerThread "GC Thread#0"                     [id=16784, stack(0x0000003469700000,0x0000003469800000) (1024K)]
  0x00000175fe178c90 WorkerThread "GC Thread#1"                     [id=4100, stack(0x000000346a500000,0x000000346a600000) (1024K)]
  0x00000175fe179040 WorkerThread "GC Thread#2"                     [id=10236, stack(0x000000346a600000,0x000000346a700000) (1024K)]
  0x00000175fe3e6de0 WorkerThread "GC Thread#3"                     [id=3984, stack(0x000000346a700000,0x000000346a800000) (1024K)]
  0x00000175fe3e7190 WorkerThread "GC Thread#4"                     [id=13556, stack(0x000000346a800000,0x000000346a900000) (1024K)]
  0x00000175fe3e7540 WorkerThread "GC Thread#5"                     [id=14596, stack(0x000000346a900000,0x000000346aa00000) (1024K)]
  0x00000175fe3e78f0 WorkerThread "GC Thread#6"                     [id=15836, stack(0x000000346aa00000,0x000000346ab00000) (1024K)]
  0x00000175fdf946c0 WorkerThread "GC Thread#7"                     [id=19940, stack(0x000000346ab00000,0x000000346ac00000) (1024K)]
Total: 10

Threads with active compile tasks:
Total: 0

VM state: not at safepoint (normal execution)

VM Mutex/Monitor currently owned by a thread: None

Heap address: 0x0000000080000000, size: 2048 MB, Compressed Oops mode: 32-bit

CDS archive(s) mapped at: [0x0000017580000000-0x0000017580ba0000-0x0000017580ba0000), size 12189696, SharedBaseAddress: 0x0000017580000000, ArchiveRelocationMode: 1.
Compressed class space mapped at: 0x0000017581000000-0x00000175c1000000, reserved size: 1073741824
Narrow klass base: 0x0000017580000000, Narrow klass shift: 0, Narrow klass range: 0x100000000

GC Precious Log:
 CardTable entry size: 512
 CPUs: 8 total, 8 available
 Memory: 7939M
 Large Page Support: Disabled
 NUMA Support: Disabled
 Compressed Oops: Enabled (32-bit)
 Alignments: Space 512K, Generation 512K, Heap 2M
 Heap Min Capacity: 100M
 Heap Initial Capacity: 100M
 Heap Max Capacity: 2G
 Pre-touch: Disabled
 Parallel Workers: 8

Heap:
 PSYoungGen      total 6656K, used 5454K [0x00000000d5580000, 0x00000000d5d00000, 0x0000000100000000)
  eden space 5632K, 87% used [0x00000000d5580000,0x00000000d5a4ba90,0x00000000d5b00000)
  from space 1024K, 53% used [0x00000000d5b00000,0x00000000d5b88000,0x00000000d5c00000)
  to   space 1024K, 0% used [0x00000000d5c00000,0x00000000d5c00000,0x00000000d5d00000)
 ParOldGen       total 558592K, used 536939K [0x0000000080000000, 0x00000000a2180000, 0x00000000d5580000)
  object space 558592K, 96% used [0x0000000080000000,0x00000000a0c5af70,0x00000000a2180000)
 Metaspace       used 90514K, committed 92480K, reserved 1179648K
  class space    used 9201K, committed 10112K, reserved 1048576K

Card table byte_map: [0x00000175f7370000,0x00000175f7780000] _byte_map_base: 0x00000175f6f70000

Marking Bits: (ParMarkBitMap*) 0x00007fff1a2f3450
 Begin Bits: [0x00000175f7a30000, 0x00000175f9a30000)
 End Bits:   [0x00000175f9a30000, 0x00000175fba30000)

Polling page: 0x00000175e3590000

Metaspace:

Usage:
  Non-class:     79.41 MB used.
      Class:      8.99 MB used.
       Both:     88.39 MB used.

Virtual space:
  Non-class space:      128.00 MB reserved,      80.44 MB ( 63%) committed,  2 nodes.
      Class space:        1.00 GB reserved,       9.88 MB ( <1%) committed,  1 nodes.
             Both:        1.12 GB reserved,      90.31 MB (  8%) committed. 

Chunk freelists:
   Non-Class:  15.00 MB
       Class:  6.17 MB
        Both:  21.17 MB

MaxMetaspaceSize: unlimited
CompressedClassSpaceSize: 1.00 GB
Initial GC threshold: 21.00 MB
Current GC threshold: 146.81 MB
CDS: on
 - commit_granule_bytes: 65536.
 - commit_granule_words: 8192.
 - virtual_space_node_default_size: 8388608.
 - enlarge_chunks_in_place: 1.
 - use_allocation_guard: 0.


Internal statistics:

num_allocs_failed_limit: 9.
num_arena_births: 1932.
num_arena_deaths: 26.
num_vsnodes_births: 3.
num_vsnodes_deaths: 0.
num_space_committed: 1445.
num_space_uncommitted: 0.
num_chunks_returned_to_freelist: 36.
num_chunks_taken_from_freelist: 6693.
num_chunk_merges: 9.
num_chunk_splits: 3980.
num_chunks_enlarged: 2117.
num_inconsistent_stats: 0.

CodeHeap 'non-profiled nmethods': size=120000Kb used=22014Kb max_used=22014Kb free=97985Kb
 bounds [0x00000175efc60000, 0x00000175f11e0000, 0x00000175f7190000]
CodeHeap 'profiled nmethods': size=120000Kb used=50477Kb max_used=52251Kb free=69522Kb
 bounds [0x00000175e8190000, 0x00000175eb4a0000, 0x00000175ef6c0000]
CodeHeap 'non-nmethods': size=5760Kb used=1510Kb max_used=1678Kb free=4249Kb
 bounds [0x00000175ef6c0000, 0x00000175ef930000, 0x00000175efc60000]
CodeCache: size=245760Kb, used=74001Kb, max_used=75943Kb, free=171756Kb
 total_blobs=20970, nmethods=20139, adapters=729, full_count=0
Compilation: enabled, stopped_count=0, restarted_count=0

Compilation events (20 events):
Event: 1309.337 Thread 0x00000175fda0c870 24329       3       org.eclipse.jdt.ls.core.internal.codemanipulation.PartialSortMembersOperation::isMalformed (13 bytes)
Event: 1309.337 Thread 0x00000175fda0c870 nmethod 24329 0x00000175e9fbb290 code [0x00000175e9fbb440, 0x00000175e9fbb620]
Event: 1309.339 Thread 0x00000175c7410460 nmethod 24321 0x00000175f11c3e90 code [0x00000175f11c4080, 0x00000175f11c4380]
Event: 1309.339 Thread 0x00000175c7410460 24298       4       org.eclipse.jdt.internal.compiler.lookup.MethodBinding::hasPolymorphicSignature (86 bytes)
Event: 1309.340 Thread 0x00000175c7410460 nmethod 24298 0x00000175f11c4690 code [0x00000175f11c4820, 0x00000175f11c4920]
Event: 1309.341 Thread 0x00000175c7410460 24322       4       org.eclipse.jdt.internal.compiler.ast.TypeReference::resolveType (8 bytes)
Event: 1309.341 Thread 0x00000175c7410460 nmethod 24322 0x00000175f11c4a10 code [0x00000175f11c4ba0, 0x00000175f11c4c50]
Event: 1309.483 Thread 0x00000175fc00f3c0 nmethod 24284 0x00000175f11c4d10 code [0x00000175f11c8840, 0x00000175f11cec00]
Event: 1310.380 Thread 0x00000175fda0c870 24330       3       java.util.logging.LogManager$LoggerContext::requiresDefaultLoggers (29 bytes)
Event: 1310.381 Thread 0x00000175fda0c870 nmethod 24330 0x00000175e9ade890 code [0x00000175e9adea40, 0x00000175e9adec48]
Event: 1310.581 Thread 0x00000175fc00f3c0 24331       4       org.eclipse.jdt.core.dom.CompilationUnit::accept0 (64 bytes)
Event: 1310.722 Thread 0x00000175fc00f3c0 nmethod 24331 0x00000175f11d6190 code [0x00000175f11d6660, 0x00000175f11d93e0]
Event: 1310.723 Thread 0x00000175fc00f3c0 24332       4       org.eclipse.jdt.internal.corext.util.JavaModelUtil::isSameMethodSignature (100 bytes)
Event: 1310.733 Thread 0x00000175fc00f3c0 nmethod 24332 0x00000175f11da790 code [0x00000175f11da9a0, 0x00000175f11daea0]
Event: 1312.731 Thread 0x00000175fda0c870 24333       3       org.eclipse.jdt.internal.corext.dom.SelectionAnalyzer::visitNode (86 bytes)
Event: 1312.733 Thread 0x00000175fda0c870 nmethod 24333 0x00000175e9add390 code [0x00000175e9add620, 0x00000175e9ade458]
Event: 1312.899 Thread 0x00000175fc00f3c0 24334  s!   4       org.eclipse.jdt.core.dom.DefaultBindingResolver::resolveName (1735 bytes)
Event: 1312.901 Thread 0x00000175fda0c870 24335       3       org.eclipse.jdt.internal.core.SortElementsOperation$1::visit (83 bytes)
Event: 1312.903 Thread 0x00000175fda0c870 nmethod 24335 0x00000175e9cf4290 code [0x00000175e9cf4500, 0x00000175e9cf5260]
Event: 1313.001 Thread 0x00000175fc00f3c0 nmethod 24334 0x00000175f11db290 code [0x00000175f11db780, 0x00000175f11de200]

GC Heap History (20 events):
Event: 1309.040 GC heap before
{Heap before GC invocations=2491 (full 5):
 PSYoungGen      total 3584K, used 3200K [0x00000000d5580000, 0x00000000d5d00000, 0x0000000100000000)
  eden space 1536K, 100% used [0x00000000d5580000,0x00000000d5700000,0x00000000d5700000)
  from space 2048K, 81% used [0x00000000d5700000,0x00000000d58a0000,0x00000000d5900000)
  to   space 3072K, 0% used [0x00000000d5a00000,0x00000000d5a00000,0x00000000d5d00000)
 ParOldGen       total 558592K, used 527954K [0x0000000080000000, 0x00000000a2180000, 0x00000000d5580000)
  object space 558592K, 94% used [0x0000000080000000,0x00000000a0394a60,0x00000000a2180000)
 Metaspace       used 90489K, committed 92480K, reserved 1179648K
  class space    used 9195K, committed 10112K, reserved 1048576K
}
Event: 1309.049 GC heap after
{Heap after GC invocations=2491 (full 5):
 PSYoungGen      total 4096K, used 1600K [0x00000000d5580000, 0x00000000d5c00000, 0x0000000100000000)
  eden space 2048K, 0% used [0x00000000d5580000,0x00000000d5580000,0x00000000d5780000)
  from space 2048K, 78% used [0x00000000d5a00000,0x00000000d5b90000,0x00000000d5c00000)
  to   space 2048K, 0% used [0x00000000d5800000,0x00000000d5800000,0x00000000d5a00000)
 ParOldGen       total 558592K, used 529522K [0x0000000080000000, 0x00000000a2180000, 0x00000000d5580000)
  object space 558592K, 94% used [0x0000000080000000,0x00000000a051ca60,0x00000000a2180000)
 Metaspace       used 90489K, committed 92480K, reserved 1179648K
  class space    used 9195K, committed 10112K, reserved 1048576K
}
Event: 1309.058 GC heap before
{Heap before GC invocations=2492 (full 5):
 PSYoungGen      total 4096K, used 3648K [0x00000000d5580000, 0x00000000d5c00000, 0x0000000100000000)
  eden space 2048K, 100% used [0x00000000d5580000,0x00000000d5780000,0x00000000d5780000)
  from space 2048K, 78% used [0x00000000d5a00000,0x00000000d5b90000,0x00000000d5c00000)
  to   space 2048K, 0% used [0x00000000d5800000,0x00000000d5800000,0x00000000d5a00000)
 ParOldGen       total 558592K, used 529522K [0x0000000080000000, 0x00000000a2180000, 0x00000000d5580000)
  object space 558592K, 94% used [0x0000000080000000,0x00000000a051ca60,0x00000000a2180000)
 Metaspace       used 90489K, committed 92480K, reserved 1179648K
  class space    used 9195K, committed 10112K, reserved 1048576K
}
Event: 1309.067 GC heap after
{Heap after GC invocations=2492 (full 5):
 PSYoungGen      total 4608K, used 2048K [0x00000000d5580000, 0x00000000d6000000, 0x0000000100000000)
  eden space 2560K, 0% used [0x00000000d5580000,0x00000000d5580000,0x00000000d5800000)
  from space 2048K, 100% used [0x00000000d5800000,0x00000000d5a00000,0x00000000d5a00000)
  to   space 4096K, 0% used [0x00000000d5c00000,0x00000000d5c00000,0x00000000d6000000)
 ParOldGen       total 558592K, used 531106K [0x0000000080000000, 0x00000000a2180000, 0x00000000d5580000)
  object space 558592K, 95% used [0x0000000080000000,0x00000000a06a8a60,0x00000000a2180000)
 Metaspace       used 90489K, committed 92480K, reserved 1179648K
  class space    used 9195K, committed 10112K, reserved 1048576K
}
Event: 1309.100 GC heap before
{Heap before GC invocations=2493 (full 5):
 PSYoungGen      total 4608K, used 4608K [0x00000000d5580000, 0x00000000d6000000, 0x0000000100000000)
  eden space 2560K, 100% used [0x00000000d5580000,0x00000000d5800000,0x00000000d5800000)
  from space 2048K, 100% used [0x00000000d5800000,0x00000000d5a00000,0x00000000d5a00000)
  to   space 4096K, 0% used [0x00000000d5c00000,0x00000000d5c00000,0x00000000d6000000)
 ParOldGen       total 558592K, used 531106K [0x0000000080000000, 0x00000000a2180000, 0x00000000d5580000)
  object space 558592K, 95% used [0x0000000080000000,0x00000000a06a8a60,0x00000000a2180000)
 Metaspace       used 90507K, committed 92480K, reserved 1179648K
  class space    used 9200K, committed 10112K, reserved 1048576K
}
Event: 1309.110 GC heap after
{Heap after GC invocations=2493 (full 5):
 PSYoungGen      total 4096K, used 858K [0x00000000d5580000, 0x00000000d5d00000, 0x0000000100000000)
  eden space 3072K, 0% used [0x00000000d5580000,0x00000000d5580000,0x00000000d5880000)
  from space 1024K, 83% used [0x00000000d5c00000,0x00000000d5cd6900,0x00000000d5d00000)
  to   space 2048K, 0% used [0x00000000d5900000,0x00000000d5900000,0x00000000d5b00000)
 ParOldGen       total 558592K, used 533162K [0x0000000080000000, 0x00000000a2180000, 0x00000000d5580000)
  object space 558592K, 95% used [0x0000000080000000,0x00000000a08aaa60,0x00000000a2180000)
 Metaspace       used 90507K, committed 92480K, reserved 1179648K
  class space    used 9200K, committed 10112K, reserved 1048576K
}
Event: 1309.130 GC heap before
{Heap before GC invocations=2494 (full 5):
 PSYoungGen      total 4096K, used 3930K [0x00000000d5580000, 0x00000000d5d00000, 0x0000000100000000)
  eden space 3072K, 100% used [0x00000000d5580000,0x00000000d5880000,0x00000000d5880000)
  from space 1024K, 83% used [0x00000000d5c00000,0x00000000d5cd6900,0x00000000d5d00000)
  to   space 2048K, 0% used [0x00000000d5900000,0x00000000d5900000,0x00000000d5b00000)
 ParOldGen       total 558592K, used 533162K [0x0000000080000000, 0x00000000a2180000, 0x00000000d5580000)
  object space 558592K, 95% used [0x0000000080000000,0x00000000a08aaa60,0x00000000a2180000)
 Metaspace       used 90507K, committed 92480K, reserved 1179648K
  class space    used 9200K, committed 10112K, reserved 1048576K
}
Event: 1309.136 GC heap after
{Heap after GC invocations=2494 (full 5):
 PSYoungGen      total 5632K, used 608K [0x00000000d5580000, 0x00000000d5c80000, 0x0000000100000000)
  eden space 3584K, 0% used [0x00000000d5580000,0x00000000d5580000,0x00000000d5900000)
  from space 2048K, 29% used [0x00000000d5900000,0x00000000d5998000,0x00000000d5b00000)
  to   space 1024K, 0% used [0x00000000d5b80000,0x00000000d5b80000,0x00000000d5c80000)
 ParOldGen       total 558592K, used 533827K [0x0000000080000000, 0x00000000a2180000, 0x00000000d5580000)
  object space 558592K, 95% used [0x0000000080000000,0x00000000a0950f30,0x00000000a2180000)
 Metaspace       used 90507K, committed 92480K, reserved 1179648K
  class space    used 9200K, committed 10112K, reserved 1048576K
}
Event: 1309.148 GC heap before
{Heap before GC invocations=2495 (full 5):
 PSYoungGen      total 5632K, used 4192K [0x00000000d5580000, 0x00000000d5c80000, 0x0000000100000000)
  eden space 3584K, 100% used [0x00000000d5580000,0x00000000d5900000,0x00000000d5900000)
  from space 2048K, 29% used [0x00000000d5900000,0x00000000d5998000,0x00000000d5b00000)
  to   space 1024K, 0% used [0x00000000d5b80000,0x00000000d5b80000,0x00000000d5c80000)
 ParOldGen       total 558592K, used 533827K [0x0000000080000000, 0x00000000a2180000, 0x00000000d5580000)
  object space 558592K, 95% used [0x0000000080000000,0x00000000a0950f30,0x00000000a2180000)
 Metaspace       used 90507K, committed 92480K, reserved 1179648K
  class space    used 9200K, committed 10112K, reserved 1048576K
}
Event: 1309.152 GC heap after
{Heap after GC invocations=2495 (full 5):
 PSYoungGen      total 5120K, used 320K [0x00000000d5580000, 0x00000000d5c00000, 0x0000000100000000)
  eden space 4608K, 0% used [0x00000000d5580000,0x00000000d5580000,0x00000000d5a00000)
  from space 512K, 62% used [0x00000000d5b80000,0x00000000d5bd0000,0x00000000d5c00000)
  to   space 512K, 0% used [0x00000000d5b00000,0x00000000d5b00000,0x00000000d5b80000)
 ParOldGen       total 558592K, used 534363K [0x0000000080000000, 0x00000000a2180000, 0x00000000d5580000)
  object space 558592K, 95% used [0x0000000080000000,0x00000000a09d6f30,0x00000000a2180000)
 Metaspace       used 90507K, committed 92480K, reserved 1179648K
  class space    used 9200K, committed 10112K, reserved 1048576K
}
Event: 1309.176 GC heap before
{Heap before GC invocations=2496 (full 5):
 PSYoungGen      total 5120K, used 4928K [0x00000000d5580000, 0x00000000d5c00000, 0x0000000100000000)
  eden space 4608K, 100% used [0x00000000d5580000,0x00000000d5a00000,0x00000000d5a00000)
  from space 512K, 62% used [0x00000000d5b80000,0x00000000d5bd0000,0x00000000d5c00000)
  to   space 512K, 0% used [0x00000000d5b00000,0x00000000d5b00000,0x00000000d5b80000)
 ParOldGen       total 558592K, used 534363K [0x0000000080000000, 0x00000000a2180000, 0x00000000d5580000)
  object space 558592K, 95% used [0x0000000080000000,0x00000000a09d6f30,0x00000000a2180000)
 Metaspace       used 90507K, committed 92480K, reserved 1179648K
  class space    used 9200K, committed 10112K, reserved 1048576K
}
Event: 1309.179 GC heap after
{Heap after GC invocations=2496 (full 5):
 PSYoungGen      total 6144K, used 512K [0x00000000d5580000, 0x00000000d5d00000, 0x0000000100000000)
  eden space 5632K, 0% used [0x00000000d5580000,0x00000000d5580000,0x00000000d5b00000)
  from space 512K, 100% used [0x00000000d5b00000,0x00000000d5b80000,0x00000000d5b80000)
  to   space 1024K, 0% used [0x00000000d5c00000,0x00000000d5c00000,0x00000000d5d00000)
 ParOldGen       total 558592K, used 534599K [0x0000000080000000, 0x00000000a2180000, 0x00000000d5580000)
  object space 558592K, 95% used [0x0000000080000000,0x00000000a0a11f50,0x00000000a2180000)
 Metaspace       used 90507K, committed 92480K, reserved 1179648K
  class space    used 9200K, committed 10112K, reserved 1048576K
}
Event: 1309.217 GC heap before
{Heap before GC invocations=2497 (full 5):
 PSYoungGen      total 6144K, used 6144K [0x00000000d5580000, 0x00000000d5d00000, 0x0000000100000000)
  eden space 5632K, 100% used [0x00000000d5580000,0x00000000d5b00000,0x00000000d5b00000)
  from space 512K, 100% used [0x00000000d5b00000,0x00000000d5b80000,0x00000000d5b80000)
  to   space 1024K, 0% used [0x00000000d5c00000,0x00000000d5c00000,0x00000000d5d00000)
 ParOldGen       total 558592K, used 534599K [0x0000000080000000, 0x00000000a2180000, 0x00000000d5580000)
  object space 558592K, 95% used [0x0000000080000000,0x00000000a0a11f50,0x00000000a2180000)
 Metaspace       used 90509K, committed 92480K, reserved 1179648K
  class space    used 9200K, committed 10112K, reserved 1048576K
}
Event: 1309.221 GC heap after
{Heap after GC invocations=2497 (full 5):
 PSYoungGen      total 6656K, used 768K [0x00000000d5580000, 0x00000000d5d00000, 0x0000000100000000)
  eden space 5632K, 0% used [0x00000000d5580000,0x00000000d5580000,0x00000000d5b00000)
  from space 1024K, 75% used [0x00000000d5c00000,0x00000000d5cc0000,0x00000000d5d00000)
  to   space 1024K, 0% used [0x00000000d5b00000,0x00000000d5b00000,0x00000000d5c00000)
 ParOldGen       total 558592K, used 535111K [0x0000000080000000, 0x00000000a2180000, 0x00000000d5580000)
  object space 558592K, 95% used [0x0000000080000000,0x00000000a0a91f60,0x00000000a2180000)
 Metaspace       used 90509K, committed 92480K, reserved 1179648K
  class space    used 9200K, committed 10112K, reserved 1048576K
}
Event: 1309.269 GC heap before
{Heap before GC invocations=2498 (full 5):
 PSYoungGen      total 6656K, used 6400K [0x00000000d5580000, 0x00000000d5d00000, 0x0000000100000000)
  eden space 5632K, 100% used [0x00000000d5580000,0x00000000d5b00000,0x00000000d5b00000)
  from space 1024K, 75% used [0x00000000d5c00000,0x00000000d5cc0000,0x00000000d5d00000)
  to   space 1024K, 0% used [0x00000000d5b00000,0x00000000d5b00000,0x00000000d5c00000)
 ParOldGen       total 558592K, used 535111K [0x0000000080000000, 0x00000000a2180000, 0x00000000d5580000)
  object space 558592K, 95% used [0x0000000080000000,0x00000000a0a91f60,0x00000000a2180000)
 Metaspace       used 90510K, committed 92480K, reserved 1179648K
  class space    used 9200K, committed 10112K, reserved 1048576K
}
Event: 1309.273 GC heap after
{Heap after GC invocations=2498 (full 5):
 PSYoungGen      total 6656K, used 928K [0x00000000d5580000, 0x00000000d5d00000, 0x0000000100000000)
  eden space 5632K, 0% used [0x00000000d5580000,0x00000000d5580000,0x00000000d5b00000)
  from space 1024K, 90% used [0x00000000d5b00000,0x00000000d5be8000,0x00000000d5c00000)
  to   space 1024K, 0% used [0x00000000d5c00000,0x00000000d5c00000,0x00000000d5d00000)
 ParOldGen       total 558592K, used 535779K [0x0000000080000000, 0x00000000a2180000, 0x00000000d5580000)
  object space 558592K, 95% used [0x0000000080000000,0x00000000a0b38ef0,0x00000000a2180000)
 Metaspace       used 90510K, committed 92480K, reserved 1179648K
  class space    used 9200K, committed 10112K, reserved 1048576K
}
Event: 1309.294 GC heap before
{Heap before GC invocations=2499 (full 5):
 PSYoungGen      total 6656K, used 6560K [0x00000000d5580000, 0x00000000d5d00000, 0x0000000100000000)
  eden space 5632K, 100% used [0x00000000d5580000,0x00000000d5b00000,0x00000000d5b00000)
  from space 1024K, 90% used [0x00000000d5b00000,0x00000000d5be8000,0x00000000d5c00000)
  to   space 1024K, 0% used [0x00000000d5c00000,0x00000000d5c00000,0x00000000d5d00000)
 ParOldGen       total 558592K, used 535779K [0x0000000080000000, 0x00000000a2180000, 0x00000000d5580000)
  object space 558592K, 95% used [0x0000000080000000,0x00000000a0b38ef0,0x00000000a2180000)
 Metaspace       used 90510K, committed 92480K, reserved 1179648K
  class space    used 9200K, committed 10112K, reserved 1048576K
}
Event: 1309.298 GC heap after
{Heap after GC invocations=2499 (full 5):
 PSYoungGen      total 6656K, used 544K [0x00000000d5580000, 0x00000000d5d00000, 0x0000000100000000)
  eden space 5632K, 0% used [0x00000000d5580000,0x00000000d5580000,0x00000000d5b00000)
  from space 1024K, 53% used [0x00000000d5c00000,0x00000000d5c88020,0x00000000d5d00000)
  to   space 1024K, 0% used [0x00000000d5b00000,0x00000000d5b00000,0x00000000d5c00000)
 ParOldGen       total 558592K, used 536523K [0x0000000080000000, 0x00000000a2180000, 0x00000000d5580000)
  object space 558592K, 96% used [0x0000000080000000,0x00000000a0bf2f30,0x00000000a2180000)
 Metaspace       used 90510K, committed 92480K, reserved 1179648K
  class space    used 9200K, committed 10112K, reserved 1048576K
}
Event: 1310.574 GC heap before
{Heap before GC invocations=2500 (full 5):
 PSYoungGen      total 6656K, used 6176K [0x00000000d5580000, 0x00000000d5d00000, 0x0000000100000000)
  eden space 5632K, 100% used [0x00000000d5580000,0x00000000d5b00000,0x00000000d5b00000)
  from space 1024K, 53% used [0x00000000d5c00000,0x00000000d5c88020,0x00000000d5d00000)
  to   space 1024K, 0% used [0x00000000d5b00000,0x00000000d5b00000,0x00000000d5c00000)
 ParOldGen       total 558592K, used 536523K [0x0000000080000000, 0x00000000a2180000, 0x00000000d5580000)
  object space 558592K, 96% used [0x0000000080000000,0x00000000a0bf2f30,0x00000000a2180000)
 Metaspace       used 90513K, committed 92480K, reserved 1179648K
  class space    used 9201K, committed 10112K, reserved 1048576K
}
Event: 1310.578 GC heap after
{Heap after GC invocations=2500 (full 5):
 PSYoungGen      total 6656K, used 544K [0x00000000d5580000, 0x00000000d5d00000, 0x0000000100000000)
  eden space 5632K, 0% used [0x00000000d5580000,0x00000000d5580000,0x00000000d5b00000)
  from space 1024K, 53% used [0x00000000d5b00000,0x00000000d5b88000,0x00000000d5c00000)
  to   space 1024K, 0% used [0x00000000d5c00000,0x00000000d5c00000,0x00000000d5d00000)
 ParOldGen       total 558592K, used 536939K [0x0000000080000000, 0x00000000a2180000, 0x00000000d5580000)
  object space 558592K, 96% used [0x0000000080000000,0x00000000a0c5af70,0x00000000a2180000)
 Metaspace       used 90513K, committed 92480K, reserved 1179648K
  class space    used 9201K, committed 10112K, reserved 1048576K
}

Dll operation events (11 events):
Event: 0.037 Loaded shared library c:\Users\Admin\.vscode\extensions\redhat.java-1.54.0-win32-x64\jre\21.0.10-win32-x86_64\bin\java.dll
Event: 0.540 Loaded shared library c:\Users\Admin\.vscode\extensions\redhat.java-1.54.0-win32-x64\jre\21.0.10-win32-x86_64\bin\zip.dll
Event: 0.944 Loaded shared library C:\Users\Admin\.vscode\extensions\redhat.java-1.54.0-win32-x64\jre\21.0.10-win32-x86_64\bin\instrument.dll
Event: 1.036 Loaded shared library C:\Users\Admin\.vscode\extensions\redhat.java-1.54.0-win32-x64\jre\21.0.10-win32-x86_64\bin\net.dll
Event: 1.046 Loaded shared library C:\Users\Admin\.vscode\extensions\redhat.java-1.54.0-win32-x64\jre\21.0.10-win32-x86_64\bin\nio.dll
Event: 1.055 Loaded shared library C:\Users\Admin\.vscode\extensions\redhat.java-1.54.0-win32-x64\jre\21.0.10-win32-x86_64\bin\zip.dll
Event: 1.176 Loaded shared library C:\Users\Admin\.vscode\extensions\redhat.java-1.54.0-win32-x64\jre\21.0.10-win32-x86_64\bin\jimage.dll
Event: 1.556 Loaded shared library c:\Users\Admin\.vscode\extensions\redhat.java-1.54.0-win32-x64\jre\21.0.10-win32-x86_64\bin\verify.dll
Event: 6.303 Loaded shared library C:\Users\Admin\AppData\Roaming\Code\User\globalStorage\redhat.java\1.54.0\config_win\org.eclipse.equinox.launcher\org.eclipse.equinox.launcher.win32.win32.x86_64_1.3.0.v20260203-2149\eclipse_11919.dll
Event: 12.880 Loaded shared library C:\Users\Admin\AppData\Local\Temp\jna-63116079\jna17344523596459149477.dll
Event: 41.399 Loaded shared library C:\Users\Admin\.vscode\extensions\redhat.java-1.54.0-win32-x64\jre\21.0.10-win32-x86_64\bin\extnet.dll

Deoptimization events (20 events):
Event: 1309.282 Thread 0x00000175c90aa210 DEOPT PACKING pc=0x00000175f0c47a30 sp=0x000000346b6fcee0
Event: 1309.282 Thread 0x00000175c90aa210 DEOPT UNPACKING pc=0x00000175ef713aa2 sp=0x000000346b6fce80 mode 2
Event: 1309.291 Thread 0x00000175c90aa210 Uncommon trap: trap_request=0xffffff45 fr.pc=0x00000175f0b78040 relative=0x00000000000039a0
Event: 1309.291 Thread 0x00000175c90aa210 Uncommon trap: reason=unstable_if action=reinterpret pc=0x00000175f0b78040 method=java.lang.CharacterDataLatin1.isLowerCase(I)Z @ 7 c2
Event: 1309.291 Thread 0x00000175c90aa210 DEOPT PACKING pc=0x00000175f0b78040 sp=0x000000346b6fcdf0
Event: 1309.291 Thread 0x00000175c90aa210 DEOPT UNPACKING pc=0x00000175ef713aa2 sp=0x000000346b6fcb70 mode 2
Event: 1309.308 Thread 0x00000175c90aa210 Uncommon trap: trap_request=0xffffff45 fr.pc=0x00000175f0721edc relative=0x000000000000011c
Event: 1309.308 Thread 0x00000175c90aa210 Uncommon trap: reason=unstable_if action=reinterpret pc=0x00000175f0721edc method=org.eclipse.jdt.internal.compiler.lookup.TypeSystem$HashedParameterizedTypes$PTBKey.equals(Ljava/lang/Object;)Z @ 38 c2
Event: 1309.308 Thread 0x00000175c90aa210 DEOPT PACKING pc=0x00000175f0721edc sp=0x000000346b6fd590
Event: 1309.308 Thread 0x00000175c90aa210 DEOPT UNPACKING pc=0x00000175ef713aa2 sp=0x000000346b6fd518 mode 2
Event: 1309.319 Thread 0x00000175c90aa210 DEOPT PACKING pc=0x00000175e9ca8855 sp=0x000000346b6fd170
Event: 1309.319 Thread 0x00000175c90aa210 DEOPT UNPACKING pc=0x00000175ef714242 sp=0x000000346b6fc5e8 mode 0
Event: 1309.324 Thread 0x00000175c90aa210 Uncommon trap: trap_request=0xffffff45 fr.pc=0x00000175f0811da4 relative=0x0000000000000524
Event: 1309.324 Thread 0x00000175c90aa210 Uncommon trap: reason=unstable_if action=reinterpret pc=0x00000175f0811da4 method=org.eclipse.core.runtime.SubMonitor$RootInfo.checkForCancellation()V @ 9 c2
Event: 1309.324 Thread 0x00000175c90aa210 DEOPT PACKING pc=0x00000175f0811da4 sp=0x000000346b6fe810
Event: 1309.324 Thread 0x00000175c90aa210 DEOPT UNPACKING pc=0x00000175ef713aa2 sp=0x000000346b6fe750 mode 2
Event: 1309.331 Thread 0x00000175c90a8140 Uncommon trap: trap_request=0xffffff45 fr.pc=0x00000175f0bead84 relative=0x0000000000000244
Event: 1309.331 Thread 0x00000175c90a8140 Uncommon trap: reason=unstable_if action=reinterpret pc=0x00000175f0bead84 method=org.eclipse.jdt.internal.corext.dom.Selection.coveredBy(Lorg/eclipse/jdt/core/dom/ASTNode;)Z @ 23 c2
Event: 1309.331 Thread 0x00000175c90a8140 DEOPT PACKING pc=0x00000175f0bead84 sp=0x000000346b3fe610
Event: 1309.331 Thread 0x00000175c90a8140 DEOPT UNPACKING pc=0x00000175ef713aa2 sp=0x000000346b3fe548 mode 2

Classes loaded (20 events):
Event: 903.375 Loading class sun/nio/fs/WindowsFileCopy
Event: 903.377 Loading class sun/nio/fs/WindowsFileCopy done
Event: 903.637 Loading class jdk/internal/module/IllegalAccessLogger
Event: 903.637 Loading class jdk/internal/module/IllegalAccessLogger done
Event: 921.971 Loading class java/util/stream/Nodes$CollectorTask$OfRef
Event: 921.973 Loading class java/util/stream/Nodes$CollectorTask
Event: 921.975 Loading class java/util/stream/Nodes$CollectorTask done
Event: 921.975 Loading class java/util/stream/Nodes$CollectorTask$OfRef done
Event: 921.987 Loading class java/util/function/LongFunction
Event: 921.988 Loading class java/util/function/LongFunction done
Event: 921.989 Loading class java/util/stream/Nodes$ConcNode
Event: 921.990 Loading class java/util/stream/Nodes$AbstractConcNode
Event: 921.991 Loading class java/util/stream/Nodes$AbstractConcNode done
Event: 921.991 Loading class java/util/stream/Nodes$ConcNode done
Event: 922.002 Loading class java/io/ObjectOutputStream$BlockDataOutputStream
Event: 922.004 Loading class java/io/ObjectOutputStream$BlockDataOutputStream done
Event: 922.004 Loading class java/io/ObjectOutputStream$HandleTable
Event: 922.004 Loading class java/io/ObjectOutputStream$HandleTable done
Event: 922.004 Loading class java/io/ObjectOutputStream$ReplaceTable
Event: 922.005 Loading class java/io/ObjectOutputStream$ReplaceTable done

Classes unloaded (13 events):
Event: 15.270 Thread 0x00000175e3925e50 Unloading class 0x00000175811a4c00 'java/lang/invoke/LambdaForm$MH+0x00000175811a4c00'
Event: 15.270 Thread 0x00000175e3925e50 Unloading class 0x00000175811a4800 'java/lang/invoke/LambdaForm$MH+0x00000175811a4800'
Event: 15.270 Thread 0x00000175e3925e50 Unloading class 0x00000175811a4400 'java/lang/invoke/LambdaForm$MH+0x00000175811a4400'
Event: 15.270 Thread 0x00000175e3925e50 Unloading class 0x00000175811a4000 'java/lang/invoke/LambdaForm$MH+0x00000175811a4000'
Event: 15.270 Thread 0x00000175e3925e50 Unloading class 0x00000175811a3c00 'java/lang/invoke/LambdaForm$BMH+0x00000175811a3c00'
Event: 15.270 Thread 0x00000175e3925e50 Unloading class 0x00000175811a3800 'java/lang/invoke/LambdaForm$DMH+0x00000175811a3800'
Event: 15.270 Thread 0x00000175e3925e50 Unloading class 0x00000175811a2400 'java/lang/invoke/LambdaForm$DMH+0x00000175811a2400'
Event: 475.007 Thread 0x00000175e3925e50 Unloading class 0x0000017581700800 'java/lang/invoke/LambdaForm$DMH+0x0000017581700800'
Event: 475.007 Thread 0x00000175e3925e50 Unloading class 0x0000017581700400 'java/lang/invoke/LambdaForm$DMH+0x0000017581700400'
Event: 475.007 Thread 0x00000175e3925e50 Unloading class 0x00000175816fd400 'java/lang/invoke/LambdaForm$MH+0x00000175816fd400'
Event: 475.007 Thread 0x00000175e3925e50 Unloading class 0x00000175816fcc00 'java/lang/invoke/LambdaForm$MH+0x00000175816fcc00'
Event: 475.007 Thread 0x00000175e3925e50 Unloading class 0x00000175816fc000 'java/lang/invoke/LambdaForm$MH+0x00000175816fc000'
Event: 475.007 Thread 0x00000175e3925e50 Unloading class 0x00000175816f4400 'java/lang/invoke/LambdaForm$DMH+0x00000175816f4400'

Classes redefined (0 events):
No events

Internal exceptions (20 events):
Event: 904.085 Thread 0x00000175feaa5700 Exception <a 'sun/nio/fs/WindowsException'{0x00000000d5794630}> (0x00000000d5794630) 
thrown [s\src\hotspot\share\prims\jni.cpp, line 520]
Event: 906.517 Thread 0x00000175c82be8c0 Exception <a 'sun/nio/fs/WindowsException'{0x00000000d5637ec0}> (0x00000000d5637ec0) 
thrown [s\src\hotspot\share\prims\jni.cpp, line 520]
Event: 906.517 Thread 0x00000175c82be8c0 Exception <a 'sun/nio/fs/WindowsException'{0x00000000d5638530}> (0x00000000d5638530) 
thrown [s\src\hotspot\share\prims\jni.cpp, line 520]
Event: 906.568 Thread 0x00000175c82bef50 Exception <a 'sun/nio/fs/WindowsException'{0x00000000d5656058}> (0x00000000d5656058) 
thrown [s\src\hotspot\share\prims\jni.cpp, line 520]
Event: 906.570 Thread 0x00000175c82bef50 Exception <a 'sun/nio/fs/WindowsException'{0x00000000d56566c0}> (0x00000000d56566c0) 
thrown [s\src\hotspot\share\prims\jni.cpp, line 520]
Event: 921.920 Thread 0x00000175c82b9a00 Exception <a 'sun/nio/fs/WindowsException'{0x00000000d56ddea0}> (0x00000000d56ddea0) 
thrown [s\src\hotspot\share\prims\jni.cpp, line 520]
Event: 921.920 Thread 0x00000175c82b9a00 Exception <a 'sun/nio/fs/WindowsException'{0x00000000d56de678}> (0x00000000d56de678) 
thrown [s\src\hotspot\share\prims\jni.cpp, line 520]
Event: 921.923 Thread 0x00000175c82b9a00 Implicit null exception at 0x00000175f0387814 to 0x00000175f0387abc
Event: 922.077 Thread 0x00000175c82b9a00 Exception <a 'java/lang/NoSuchMethodError'{0x00000000d57eb948}: static [J.<clinit>()V> (0x00000000d57eb948) 
thrown [s\src\hotspot\share\prims\jni.cpp, line 1111]
Event: 922.161 Thread 0x00000175c82b9a00 Exception <a 'java/lang/NoSuchMethodError'{0x00000000d562c1d8}: 'java.lang.Object java.lang.invoke.DirectMethodHandle$Holder.newInvokeSpecial(java.lang.Object, java.lang.Object, java.lang.Object, java.lang.Object, java.lang.Object, java.lang.Object, java.lang.Object, java.lang.Object)'> (0x00000000d562c1d8) 
thrown [s\src\hotspot\share\interpreter\linkResolver.cpp, line 773]
Event: 1238.296 Thread 0x00000175c90a8140 Implicit null exception at 0x00000175f001a107 to 0x00000175f001ad8c
Event: 1238.296 Thread 0x00000175c90a8140 Implicit null exception at 0x00000175efdd1ca9 to 0x00000175efdd2294
Event: 1238.535 Thread 0x00000175c90aa210 Exception <a 'java/lang/NoSuchMethodError'{0x00000000d55bad00}: 'java.lang.Object java.lang.invoke.DirectMethodHandle$Holder.invokeStatic(java.lang.Object, int, java.lang.Object, java.lang.Object, java.lang.Object, java.lang.Object)'> (0x00000000d55bad00) 
thrown [s\src\hotspot\share\interpreter\linkResolver.cpp, line 773]
Event: 1238.852 Thread 0x00000175c90a9b80 Implicit null exception at 0x00000175f1041ae0 to 0x00000175f1041e40
Event: 1248.167 Thread 0x00000175c90aa210 Exception <a 'sun/nio/fs/WindowsException'{0x00000000d5638e00}> (0x00000000d5638e00) 
thrown [s\src\hotspot\share\prims\jni.cpp, line 520]
Event: 1248.167 Thread 0x00000175c90aa210 Exception <a 'sun/nio/fs/WindowsException'{0x00000000d5639328}> (0x00000000d5639328) 
thrown [s\src\hotspot\share\prims\jni.cpp, line 520]
Event: 1260.493 Thread 0x00000175c90aa210 Implicit null exception at 0x00000175f0726a8c to 0x00000175f0726d4d
Event: 1282.605 Thread 0x00000175c90aa210 Implicit null exception at 0x00000175efe682f9 to 0x00000175efe694bc
Event: 1308.955 Thread 0x00000175c90aa210 Implicit null exception at 0x00000175f049eac4 to 0x00000175f04a0624
Event: 1309.193 Thread 0x00000175c90aa210 Implicit null exception at 0x00000175f05824ec to 0x00000175f0584248

ZGC Phase Switch (0 events):
No events

VM Operations (20 events):
Event: 1309.148 Executing safepoint VM operation: ParallelGCFailedAllocation (Allocation Failure)
Event: 1309.152 Executing safepoint VM operation: ParallelGCFailedAllocation (Allocation Failure) done
Event: 1309.176 Executing safepoint VM operation: ParallelGCFailedAllocation (Allocation Failure)
Event: 1309.179 Executing safepoint VM operation: ParallelGCFailedAllocation (Allocation Failure) done
Event: 1309.217 Executing safepoint VM operation: ParallelGCFailedAllocation (Allocation Failure)
Event: 1309.221 Executing safepoint VM operation: ParallelGCFailedAllocation (Allocation Failure) done
Event: 1309.269 Executing safepoint VM operation: ParallelGCFailedAllocation (Allocation Failure)
Event: 1309.273 Executing safepoint VM operation: ParallelGCFailedAllocation (Allocation Failure) done
Event: 1309.294 Executing safepoint VM operation: ParallelGCFailedAllocation (Allocation Failure)
Event: 1309.298 Executing safepoint VM operation: ParallelGCFailedAllocation (Allocation Failure) done
Event: 1310.298 Executing safepoint VM operation: Cleanup
Event: 1310.298 Executing safepoint VM operation: Cleanup done
Event: 1310.574 Executing safepoint VM operation: ParallelGCFailedAllocation (Allocation Failure)
Event: 1310.578 Executing safepoint VM operation: ParallelGCFailedAllocation (Allocation Failure) done
Event: 1313.594 Executing safepoint VM operation: Cleanup
Event: 1313.595 Executing safepoint VM operation: Cleanup done
Event: 1321.933 Executing non-safepoint VM operation: HandshakeAllThreads (HandshakeForDeflation)
Event: 1321.934 Executing non-safepoint VM operation: HandshakeAllThreads (HandshakeForDeflation) done
Event: 1321.934 Executing non-safepoint VM operation: RendezvousGCThreads
Event: 1321.934 Executing non-safepoint VM operation: RendezvousGCThreads done

Memory protections (0 events):
No events

Nmethod flushes (20 events):
Event: 705.276 Thread 0x00000175e3925e50 flushing  nmethod 0x00000175ea143a10
Event: 705.276 Thread 0x00000175e3925e50 flushing  nmethod 0x00000175ea146a10
Event: 705.276 Thread 0x00000175e3925e50 flushing  nmethod 0x00000175ea14a390
Event: 705.276 Thread 0x00000175e3925e50 flushing  nmethod 0x00000175ea14d290
Event: 705.276 Thread 0x00000175e3925e50 flushing  nmethod 0x00000175ea157510
Event: 705.276 Thread 0x00000175e3925e50 flushing  nmethod 0x00000175ea15b510
Event: 705.276 Thread 0x00000175e3925e50 flushing osr nmethod 0x00000175ea17fb90
Event: 705.276 Thread 0x00000175e3925e50 flushing  nmethod 0x00000175ea205290
Event: 705.276 Thread 0x00000175e3925e50 flushing  nmethod 0x00000175ea27e010
Event: 705.276 Thread 0x00000175e3925e50 flushing  nmethod 0x00000175ea27fc10
Event: 705.276 Thread 0x00000175e3925e50 flushing  nmethod 0x00000175ea281790
Event: 705.276 Thread 0x00000175e3925e50 flushing  nmethod 0x00000175ea297f90
Event: 705.276 Thread 0x00000175e3925e50 flushing  nmethod 0x00000175ea2a1890
Event: 705.276 Thread 0x00000175e3925e50 flushing osr nmethod 0x00000175ea2d5d90
Event: 705.276 Thread 0x00000175e3925e50 flushing  nmethod 0x00000175ea318e10
Event: 705.276 Thread 0x00000175e3925e50 flushing  nmethod 0x00000175ea3fbb10
Event: 705.276 Thread 0x00000175e3925e50 flushing  nmethod 0x00000175ea545e10
Event: 705.276 Thread 0x00000175e3925e50 flushing  nmethod 0x00000175ea5c4290
Event: 705.276 Thread 0x00000175e3925e50 flushing  nmethod 0x00000175ea5caa90
Event: 705.276 Thread 0x00000175e3925e50 flushing  nmethod 0x00000175ea5e1710

Events (20 events):
Event: 982.333 Thread 0x00000175c82b9a00 Thread exited: 0x00000175c82b9a00
Event: 1019.159 Thread 0x00000175c90a8e60 Thread exited: 0x00000175c90a8e60
Event: 1079.165 Thread 0x00000175c90a4cc0 Thread exited: 0x00000175c90a4cc0
Event: 1139.166 Thread 0x00000175c90a87d0 Thread exited: 0x00000175c90a87d0
Event: 1199.173 Thread 0x00000175c629f090 Thread exited: 0x00000175c629f090
Event: 1203.547 Thread 0x00000175c82bce80 Thread exited: 0x00000175c82bce80
Event: 1238.940 Thread 0x00000175fda0c870 Thread added: 0x00000175c7413ae0
Event: 1244.299 Thread 0x00000175c7413ae0 Thread exited: 0x00000175c7413ae0
Event: 1248.176 Thread 0x00000175fda0c870 Thread added: 0x00000175c7413ae0
Event: 1254.779 Thread 0x00000175c7413ae0 Thread exited: 0x00000175c7413ae0
Event: 1260.349 Thread 0x00000175c90aa210 Thread added: 0x00000175c82bb440
Event: 1260.479 Thread 0x00000175fda0c870 Thread added: 0x00000175c7413ae0
Event: 1262.336 Thread 0x00000175c7413ae0 Thread exited: 0x00000175c7413ae0
Event: 1275.599 Thread 0x00000175fda0c870 Thread added: 0x00000175c7413ae0
Event: 1275.989 Thread 0x00000175c7413ae0 Thread exited: 0x00000175c7413ae0
Event: 1282.545 Thread 0x00000175c90a8140 Thread added: 0x00000175c82bc160
Event: 1282.553 Thread 0x00000175c90aa210 Thread added: 0x00000175c82b9a00
Event: 1282.564 Thread 0x00000175c82bc160 Thread added: 0x00000175c82ba090
Event: 1309.207 Thread 0x00000175fda0c870 Thread added: 0x00000175c7410460
Event: 1310.380 Thread 0x00000175c7410460 Thread exited: 0x00000175c7410460


Dynamic libraries:
0x00007ff695cb0000 - 0x00007ff695cbe000 	c:\Users\Admin\.vscode\extensions\redhat.java-1.54.0-win32-x64\jre\21.0.10-win32-x86_64\bin\java.exe
0x00007fffae4a0000 - 0x00007fffae707000 	C:\WINDOWS\SYSTEM32\ntdll.dll
0x00007fff70ef0000 - 0x00007fff70f11000 	C:\Program Files\Avast Software\Avast\aswhook.dll
0x00007fffacb20000 - 0x00007fffacbe9000 	C:\WINDOWS\System32\KERNEL32.DLL
0x00007fffab010000 - 0x00007fffab407000 	C:\WINDOWS\System32\KERNELBASE.dll
0x00007fffab4c0000 - 0x00007fffab60b000 	C:\WINDOWS\System32\ucrtbase.dll
0x00007fffa1470000 - 0x00007fffa148e000 	c:\Users\Admin\.vscode\extensions\redhat.java-1.54.0-win32-x64\jre\21.0.10-win32-x86_64\bin\VCRUNTIME140.dll
0x00007fffa1490000 - 0x00007fffa14a8000 	c:\Users\Admin\.vscode\extensions\redhat.java-1.54.0-win32-x64\jre\21.0.10-win32-x86_64\bin\jli.dll
0x00007fffadd80000 - 0x00007fffadf46000 	C:\WINDOWS\System32\USER32.dll
0x00007fff83000000 - 0x00007fff83292000 	C:\WINDOWS\WinSxS\amd64_microsoft.windows.common-controls_6595b64144ccf1df_6.0.26100.8328_none_3e08182ce334b678\COMCTL32.dll
0x00007fffac0c0000 - 0x00007fffac0e7000 	C:\WINDOWS\System32\win32u.dll
0x00007fffac390000 - 0x00007fffac439000 	C:\WINDOWS\System32\msvcrt.dll
0x00007fffac840000 - 0x00007fffac86b000 	C:\WINDOWS\System32\GDI32.dll
0x00007fffac0f0000 - 0x00007fffac21c000 	C:\WINDOWS\System32\gdi32full.dll
0x00007fffaaed0000 - 0x00007fffaaf73000 	C:\WINDOWS\System32\msvcp_win.dll
0x00007fffae130000 - 0x00007fffae162000 	C:\WINDOWS\System32\IMM32.DLL
0x00007fffa1440000 - 0x00007fffa144c000 	c:\Users\Admin\.vscode\extensions\redhat.java-1.54.0-win32-x64\jre\21.0.10-win32-x86_64\bin\vcruntime140_1.dll
0x00007fff584d0000 - 0x00007fff5855d000 	c:\Users\Admin\.vscode\extensions\redhat.java-1.54.0-win32-x64\jre\21.0.10-win32-x86_64\bin\msvcp140.dll
0x00007fff19630000 - 0x00007fff1a3d1000 	c:\Users\Admin\.vscode\extensions\redhat.java-1.54.0-win32-x64\jre\21.0.10-win32-x86_64\bin\server\jvm.dll
0x00007fffacc70000 - 0x00007fffacd26000 	C:\WINDOWS\System32\ADVAPI32.dll
0x00007fffac870000 - 0x00007fffac917000 	C:\WINDOWS\System32\sechost.dll
0x00007fffac440000 - 0x00007fffac558000 	C:\WINDOWS\System32\RPCRT4.dll
0x00007fffae170000 - 0x00007fffae1f0000 	C:\WINDOWS\System32\WS2_32.dll
0x00007fffaad30000 - 0x00007fffaad8e000 	C:\WINDOWS\SYSTEM32\POWRPROF.dll
0x00007fff83b60000 - 0x00007fff83b96000 	C:\WINDOWS\SYSTEM32\WINMM.dll
0x00007fff9ec70000 - 0x00007fff9ec7b000 	C:\WINDOWS\SYSTEM32\VERSION.dll
0x00007fffaad10000 - 0x00007fffaad24000 	C:\WINDOWS\SYSTEM32\UMPDC.dll
0x00007fffa9c20000 - 0x00007fffa9c3b000 	C:\WINDOWS\SYSTEM32\kernel.appcore.dll
0x00007fff978c0000 - 0x00007fff978ca000 	c:\Users\Admin\.vscode\extensions\redhat.java-1.54.0-win32-x64\jre\21.0.10-win32-x86_64\bin\jimage.dll
0x00007fffa8e00000 - 0x00007fffa9042000 	C:\WINDOWS\SYSTEM32\DBGHELP.DLL
0x00007fffacd30000 - 0x00007fffad0b3000 	C:\WINDOWS\System32\combase.dll
0x00007fffadf50000 - 0x00007fffae029000 	C:\WINDOWS\System32\OLEAUT32.dll
0x00007fff987d0000 - 0x00007fff9880b000 	C:\WINDOWS\SYSTEM32\dbgcore.DLL
0x00007fffab410000 - 0x00007fffab4b8000 	C:\WINDOWS\System32\bcryptPrimitives.dll
0x00007fff6b2a0000 - 0x00007fff6b2af000 	c:\Users\Admin\.vscode\extensions\redhat.java-1.54.0-win32-x64\jre\21.0.10-win32-x86_64\bin\instrument.dll
0x00007fff6b280000 - 0x00007fff6b2a0000 	c:\Users\Admin\.vscode\extensions\redhat.java-1.54.0-win32-x64\jre\21.0.10-win32-x86_64\bin\java.dll
0x00007fffad0c0000 - 0x00007fffad82e000 	C:\WINDOWS\System32\SHELL32.dll
0x00007fffab610000 - 0x00007fffabe7c000 	C:\WINDOWS\System32\windows.storage.dll
0x00007fffaca20000 - 0x00007fffacb16000 	C:\WINDOWS\System32\SHCORE.dll
0x00007fffac7c0000 - 0x00007fffac826000 	C:\WINDOWS\System32\shlwapi.dll
0x00007fffaadf0000 - 0x00007fffaae19000 	C:\WINDOWS\SYSTEM32\profapi.dll
0x00007fff65e40000 - 0x00007fff65e58000 	c:\Users\Admin\.vscode\extensions\redhat.java-1.54.0-win32-x64\jre\21.0.10-win32-x86_64\bin\zip.dll
0x00007fff6b270000 - 0x00007fff6b280000 	C:\Users\Admin\.vscode\extensions\redhat.java-1.54.0-win32-x64\jre\21.0.10-win32-x86_64\bin\net.dll
0x00007fff9a600000 - 0x00007fff9a729000 	C:\WINDOWS\SYSTEM32\WINHTTP.dll
0x00007fffaa170000 - 0x00007fffaa1dc000 	C:\WINDOWS\system32\mswsock.dll
0x00007fff65300000 - 0x00007fff65316000 	C:\Users\Admin\.vscode\extensions\redhat.java-1.54.0-win32-x64\jre\21.0.10-win32-x86_64\bin\nio.dll
0x00007fff6a980000 - 0x00007fff6a990000 	c:\Users\Admin\.vscode\extensions\redhat.java-1.54.0-win32-x64\jre\21.0.10-win32-x86_64\bin\verify.dll
0x00007fff6fa00000 - 0x00007fff6fa45000 	C:\Users\Admin\AppData\Roaming\Code\User\globalStorage\redhat.java\1.54.0\config_win\org.eclipse.equinox.launcher\org.eclipse.equinox.launcher.win32.win32.x86_64_1.3.0.v20260203-2149\eclipse_11919.dll
0x00007fffac620000 - 0x00007fffac7b7000 	C:\WINDOWS\System32\ole32.dll
0x00007fffaa570000 - 0x00007fffaa58b000 	C:\WINDOWS\SYSTEM32\CRYPTSP.dll
0x00007fffa9b80000 - 0x00007fffa9bb9000 	C:\WINDOWS\system32\rsaenh.dll
0x00007fffaa220000 - 0x00007fffaa253000 	C:\WINDOWS\SYSTEM32\USERENV.dll
0x00007fffaadc0000 - 0x00007fffaadea000 	C:\WINDOWS\SYSTEM32\bcrypt.dll
0x00007fffaa3d0000 - 0x00007fffaa3dc000 	C:\WINDOWS\SYSTEM32\CRYPTBASE.dll
0x00007fffa9610000 - 0x00007fffa9642000 	C:\WINDOWS\SYSTEM32\IPHLPAPI.DLL
0x00007fffac220000 - 0x00007fffac22a000 	C:\WINDOWS\System32\NSI.dll
0x00007fff62430000 - 0x00007fff62479000 	C:\Users\Admin\AppData\Local\Temp\jna-63116079\jna17344523596459149477.dll
0x00007fffac830000 - 0x00007fffac838000 	C:\WINDOWS\System32\PSAPI.DLL
0x00007fff9d410000 - 0x00007fff9d42d000 	C:\WINDOWS\SYSTEM32\dhcpcsvc6.DLL
0x00007fff9d3a0000 - 0x00007fff9d3c5000 	C:\WINDOWS\SYSTEM32\dhcpcsvc.DLL
0x00007fff9d670000 - 0x00007fff9d679000 	C:\Users\Admin\.vscode\extensions\redhat.java-1.54.0-win32-x64\jre\21.0.10-win32-x86_64\bin\extnet.dll

JVMTI agents:
c:\Users\Admin\.vscode\extensions\redhat.java-1.54.0-win32-x64\lombok\lombok-1.18.39-4050.jar path:c:\Users\Admin\.vscode\extensions\redhat.java-1.54.0-win32-x64\jre\21.0.10-win32-x86_64\bin\instrument.dll, loaded, initialized, instrumentlib options:none

dbghelp: loaded successfully - version: 4.0.5 - missing functions: none
symbol engine: initialized successfully - sym options: 0x614 - pdb path: .;c:\Users\Admin\.vscode\extensions\redhat.java-1.54.0-win32-x64\jre\21.0.10-win32-x86_64\bin;C:\WINDOWS\SYSTEM32;C:\Program Files\Avast Software\Avast;C:\WINDOWS\WinSxS\amd64_microsoft.windows.common-controls_6595b64144ccf1df_6.0.26100.8328_none_3e08182ce334b678;c:\Users\Admin\.vscode\extensions\redhat.java-1.54.0-win32-x64\jre\21.0.10-win32-x86_64\bin\server;C:\Users\Admin\AppData\Roaming\Code\User\globalStorage\redhat.java\1.54.0\config_win\org.eclipse.equinox.launcher\org.eclipse.equinox.launcher.win32.win32.x86_64_1.3.0.v20260203-2149;C:\Users\Admin\AppData\Local\Temp\jna-63116079

VM Arguments:
jvm_args: --add-modules=ALL-SYSTEM --add-opens=java.base/java.util=ALL-UNNAMED --add-opens=java.base/java.lang=ALL-UNNAMED --add-opens=java.base/sun.nio.fs=ALL-UNNAMED -Declipse.application=org.eclipse.jdt.ls.core.id1 -Dosgi.bundles.defaultStartLevel=4 -Declipse.product=org.eclipse.jdt.ls.core.product -Djava.import.generatesMetadataFilesAtProjectRoot=false -DDetectVMInstallationsJob.disabled=true -Dfile.encoding=utf8 -XX:+UseParallelGC -XX:GCTimeRatio=4 -XX:AdaptiveSizePolicyWeight=90 -Dsun.zip.disableMemoryMapping=true -Xmx2G -Xms100m -Xlog:disable -javaagent:c:\Users\Admin\.vscode\extensions\redhat.java-1.54.0-win32-x64\lombok\lombok-1.18.39-4050.jar -XX:+HeapDumpOnOutOfMemoryError -XX:HeapDumpPath=c:\Users\Admin\AppData\Roaming\Code\User\workspaceStorage\9d035f33ee963385900452351aeb3d6d\redhat.java -Daether.dependencyCollector.impl=bf 
java_command: c:\Users\Admin\.vscode\extensions\redhat.java-1.54.0-win32-x64\server\plugins\org.eclipse.equinox.launcher_1.7.100.v20251111-0406.jar -configuration c:\Users\Admin\AppData\Roaming\Code\User\globalStorage\redhat.java\1.54.0\config_win -data c:\Users\Admin\AppData\Roaming\Code\User\workspaceStorage\9d035f33ee963385900452351aeb3d6d\redhat.java\jdt_ws --pipe=\\.\pipe\lsp-24d23ef9d5e1e5ed543359db0920dd97-sock
java_class_path (initial): c:\Users\Admin\.vscode\extensions\redhat.java-1.54.0-win32-x64\server\plugins\org.eclipse.equinox.launcher_1.7.100.v20251111-0406.jar
Launcher Type: SUN_STANDARD

[Global flags]
    uintx AdaptiveSizePolicyWeight                 = 90                                        {product} {command line}
     intx CICompilerCount                          = 4                                         {product} {ergonomic}
    uintx GCTimeRatio                              = 4                                         {product} {command line}
     bool HeapDumpOnOutOfMemoryError               = true                                   {manageable} {command line}
    ccstr HeapDumpPath                             = c:\Users\Admin\AppData\Roaming\Code\User\workspaceStorage\9d035f33ee963385900452351aeb3d6d\redhat.java         {manageable} {command line}
   size_t InitialHeapSize                          = 104857600                                 {product} {command line}
   size_t MaxHeapSize                              = 2147483648                                {product} {command line}
   size_t MaxNewSize                               = 715653120                                 {product} {ergonomic}
   size_t MinHeapDeltaBytes                        = 524288                                    {product} {ergonomic}
   size_t MinHeapSize                              = 104857600                                 {product} {command line}
   size_t NewSize                                  = 34603008                                  {product} {ergonomic}
    uintx NonNMethodCodeHeapSize                   = 5839372                                {pd product} {ergonomic}
    uintx NonProfiledCodeHeapSize                  = 122909434                              {pd product} {ergonomic}
   size_t OldSize                                  = 70254592                                  {product} {ergonomic}
    uintx ProfiledCodeHeapSize                     = 122909434                              {pd product} {ergonomic}
    uintx ReservedCodeCacheSize                    = 251658240                              {pd product} {ergonomic}
     bool SegmentedCodeCache                       = true                                      {product} {ergonomic}
   size_t SoftMaxHeapSize                          = 2147483648                             {manageable} {ergonomic}
     bool UseCompressedOops                        = true                           {product lp64_product} {ergonomic}
     bool UseLargePagesIndividualAllocation        = false                                  {pd product} {ergonomic}
     bool UseParallelGC                            = true                                      {product} {command line}

Logging:
Log output configuration:
 #0: stdout all=off uptime,level,tags foldmultilines=false
 #1: stderr all=off uptime,level,tags foldmultilines=false

Release file:
JAVA_VERSION="21.0.10" 
MODULES="java.base java.compiler java.datatransfer java.xml java.prefs java.desktop java.instrument java.logging java.management java.security.sasl java.naming java.rmi java.management.rmi java.net.http java.scripting java.security.jgss java.transaction.xa java.sql java.sql.rowset java.xml.crypto java.se java.smartcardio jdk.accessibility jdk.internal.jvmstat jdk.attach jdk.charsets jdk.internal.opt jdk.zipfs jdk.compiler jdk.crypto.ec jdk.crypto.cryptoki jdk.crypto.mscapi jdk.dynalink jdk.internal.ed jdk.editpad jdk.hotspot.agent jdk.httpserver jdk.internal.le jdk.internal.vm.ci jdk.internal.vm.compiler jdk.internal.vm.compiler.management jdk.jartool jdk.javadoc jdk.jcmd jdk.management jdk.management.agent jdk.jconsole jdk.jdeps jdk.jdwp.agent jdk.jdi jdk.jfr jdk.jshell jdk.jsobject jdk.jstatd jdk.localedata jdk.management.jfr jdk.naming.dns jdk.naming.rmi jdk.net jdk.nio.mapmode jdk.random jdk.sctp jdk.security.auth jdk.security.jgss jdk.unsupported jdk.unsupported.desktop jdk.xml.dom" 

Environment Variables:
PATH=C:\Users\Admin\AppData\Local\Programs\Microsoft VS Code;C:\app\Admin\product\21c\dbhomeXE\bin;C:\Python313\Scripts\;C:\Python313\;C:\Eclipse\bin;C:\WINDOWS\system32;C:\WINDOWS;C:\WINDOWS\System32\Wbem;C:\WINDOWS\System32\WindowsPowerShell\v1.0\;C:\WINDOWS\System32\OpenSSH\;C:\Program Files\Intel\WiFi\bin\;C:\Program Files\Common Files\Intel\WirelessCommon\;C:\xampp\php;C:\Program Files\Git\cmd;C:\ProgramData\chocolatey\bin;C:\composer;C:\Users\Admin\AppData\Local\nvm;C:\nvm4w\nodejs;c:\Users\Admin\AppData\Local\Programs\cursor\resources\app\bin;c:\Users\Admin\AppData\Local\Programs\cursor\resources\app\bin;C:\Program Files\PowerShell\7\;C:\Users\Admin\AppData\Local\Programs\Python\Python313\Scripts\;C:\Users\Admin\AppData\Local\Programs\Python\Python313\;C:\Users\Admin\AppData\Local\Microsoft\WindowsApps;C:\Users\Admin\AppData\Local\Programs\Microsoft VS Code\bin;C:\Users\Admin\AppData\Roaming\Composer\vendor\bin;C:\Users\Admin\Downloads\clisp-2.49-win32-mingw-big\clisp-2.49;C:\LGI3_GL\Semestre1\Programmation Fonctionnel\clisp-2.49-win32-mingw-big\clisp-2.49;C:\LGI3_GL\Semestre1\Programmation Fonctionnel\clisp-2.49;C:\Users\Admin\Desktop\nodejs\npm.ps1;C:\Users\Admin\AppData\Roaming\npm;C:\LGI3_GL\Semestre1\Programmation Mobile\flutter\bin;C:\Users\Admin\AppData\Local\Android\Sdk\platform-tools;C:\Program Files\JetBrains\IntelliJ IDEA 2025.3.3\bin;C:\Program Files\JetBrains\IntelliJ IDEA Community Edition 2025.1\bin;;C:\Users\Admin\Downloads\apache-maven-3.9.9-bin\apache-maven-3.9.9\bin;C:\Users\Admin\AppData\Local\nvm;C:\nvm4w\nodejs;
USERNAME=Admin
OS=Windows_NT
PROCESSOR_IDENTIFIER=Intel64 Family 6 Model 142 Stepping 12, GenuineIntel
TMP=C:\Users\Admin\AppData\Local\Temp
TEMP=C:\Users\Admin\AppData\Local\Temp




Periodic native trim disabled

---------------  S Y S T E M  ---------------

OS:
 Windows 11 , 64 bit Build 26100 (10.0.26100.8328)
OS uptime: 0 days 4:40 hours
Hyper-V role detected

CPU: total 8 (initial active 8) (4 cores per cpu, 2 threads per core) family 6 model 142 stepping 12 microcode 0xde, cx8, cmov, fxsr, ht, mmx, 3dnowpref, sse, sse2, sse3, ssse3, sse4.1, sse4.2, popcnt, lzcnt, tsc, tscinvbit, avx, avx2, aes, erms, clmul, bmi1, bmi2, adx, fma, vzeroupper, clflush, clflushopt, hv, rdtscp, f16c
Processor Information for processor 0
  Max Mhz: 1800, Current Mhz: 1600, Mhz Limit: 1584
Processor Information for processor 1
  Max Mhz: 1800, Current Mhz: 1600, Mhz Limit: 1584
Processor Information for processor 2
  Max Mhz: 1800, Current Mhz: 1500, Mhz Limit: 1584
Processor Information for processor 3
  Max Mhz: 1800, Current Mhz: 1500, Mhz Limit: 1584
Processor Information for processor 4
  Max Mhz: 1800, Current Mhz: 1600, Mhz Limit: 1584
Processor Information for processor 5
  Max Mhz: 1800, Current Mhz: 1500, Mhz Limit: 1584
Processor Information for processor 6
  Max Mhz: 1800, Current Mhz: 1500, Mhz Limit: 1584
Processor Information for processor 7
  Max Mhz: 1800, Current Mhz: 1500, Mhz Limit: 1584

Memory: 4k page, system-wide physical 7939M (1165M free)
TotalPageFile size 16908M (AvailPageFile size 2M)
current process WorkingSet (physical memory assigned to process): 370M, peak: 849M
current process commit charge ("private bytes"): 947M, peak: 955M

vm_info: OpenJDK 64-Bit Server VM (21.0.10+7-LTS) for windows-amd64 JRE (21.0.10+7-LTS), built on 2026-01-20T00:00:00Z by "admin" with MS VC++ 17.12 (VS2022)

END.
